<?xml version="1.0" encoding="UTF-8"?>
<!-- Generated by org.testng.reporters.JUnitReportReporter -->
<testsuite hostname="zevetrus" failures="0" tests="1" name="qa.orangehrm.runner.TestRunner" time="39.241" errors="0" timestamp="2025-03-12T15:12:10 ART" skipped="0">
  <testcase classname="qa.orangehrm.runner.TestRunner" name="runScenario" time="39.241"/>
</testsuite> <!-- qa.orangehrm.runner.TestRunner -->
