<?xml version="1.0" encoding="UTF-8"?>
<!-- Generated by org.testng.reporters.JUnitReportReporter -->
<testsuite hostname="zevetrus" failures="0" tests="1" name="qa.orangehrm.LoginTest" time="13.775" errors="0" timestamp="2025-03-08T19:41:24 ART" skipped="0">
  <testcase classname="qa.orangehrm.LoginTest" name="PruebaLoginOrangeERM" time="13.775"/>
</testsuite> <!-- qa.orangehrm.LoginTest -->
