<?xml version="1.0" encoding="UTF-8"?>
<!-- Generated by org.testng.reporters.JUnitReportReporter -->
<testsuite hostname="zevetrus" failures="0" tests="1" name="qa.orangehrm.RuncCukesTest" time="15.775" errors="0" timestamp="2025-03-08T22:45:07 ART" skipped="0">
  <testcase classname="qa.orangehrm.RuncCukesTest" name="runScenario" time="15.775"/>
</testsuite> <!-- qa.orangehrm.RuncCukesTest -->
