<?xml version="1.0" encoding="UTF-8"?>
<!-- Generated by org.testng.reporters.JUnitReportReporter -->
<testsuite hostname="zevetrus" failures="0" tests="1" name="qa.orangehrm.runner.TestRunner" time="48.269" errors="0" timestamp="2025-07-04T14:26:02 ART" skipped="0">
  <testcase classname="qa.orangehrm.runner.TestRunner" name="runScenario" time="48.269"/>
</testsuite> <!-- qa.orangehrm.runner.TestRunner -->
