<?xml version="1.0" encoding="UTF-8"?>
<!-- Generated by org.testng.reporters.JUnitReportReporter -->
<testsuite hostname="zevetrus" failures="0" tests="2" name="qa.orangehrm.runner.TestRunner" time="34.907" errors="0" timestamp="2025-03-10T13:51:47 ART" skipped="0">
  <testcase classname="qa.orangehrm.runner.TestRunner" name="runScenario" time="18.554"/>
  <testcase classname="qa.orangehrm.runner.TestRunner" name="runScenario" time="16.353"/>
</testsuite> <!-- qa.orangehrm.runner.TestRunner -->
