<?xml version="1.0" encoding="UTF-8"?>
<testsuite xmlns:xsi="http://www.w3.org/2001/XMLSchema-instance" xsi:noNamespaceSchemaLocation="https://maven.apache.org/surefire/maven-surefire-plugin/xsd/surefire-test-report-3.0.xsd" version="3.0" name="TestSuite" time="49.692" tests="1" errors="0" skipped="0" failures="0">
  <properties>
    <property name="java.specification.version" value="23"/>
    <property name="webdriver.chrome.driver" value="C:\Users\zevet\.cache\selenium\chromedriver\win64\138.0.7204.92\chromedriver.exe"/>
    <property name="sun.cpu.isalist" value="amd64"/>
    <property name="sun.jnu.encoding" value="Cp1252"/>
    <property name="sun.awt.enableExtraMouseButtons" value="true"/>
    <property name="java.class.path" value="C:\Users\zevet\OneDrive\Escritorio\QA-ORANGE_HRM\qaorangehrm\target\test-classes;C:\Users\zevet\OneDrive\Escritorio\QA-ORANGE_HRM\qaorangehrm\target\classes;C:\Users\zevet\.m2\repository\org\seleniumhq\selenium\selenium-java\4.29.0\selenium-java-4.29.0.jar;C:\Users\zevet\.m2\repository\org\seleniumhq\selenium\selenium-api\4.29.0\selenium-api-4.29.0.jar;C:\Users\zevet\.m2\repository\org\jspecify\jspecify\1.0.0\jspecify-1.0.0.jar;C:\Users\zevet\.m2\repository\org\seleniumhq\selenium\selenium-chrome-driver\4.29.0\selenium-chrome-driver-4.29.0.jar;C:\Users\zevet\.m2\repository\com\google\auto\service\auto-service-annotations\1.1.1\auto-service-annotations-1.1.1.jar;C:\Users\zevet\.m2\repository\org\seleniumhq\selenium\selenium-chromium-driver\4.29.0\selenium-chromium-driver-4.29.0.jar;C:\Users\zevet\.m2\repository\org\seleniumhq\selenium\selenium-json\4.29.0\selenium-json-4.29.0.jar;C:\Users\zevet\.m2\repository\org\seleniumhq\selenium\selenium-manager\4.29.0\selenium-manager-4.29.0.jar;C:\Users\zevet\.m2\repository\org\seleniumhq\selenium\selenium-devtools-v131\4.29.0\selenium-devtools-v131-4.29.0.jar;C:\Users\zevet\.m2\repository\org\seleniumhq\selenium\selenium-devtools-v132\4.29.0\selenium-devtools-v132-4.29.0.jar;C:\Users\zevet\.m2\repository\org\seleniumhq\selenium\selenium-devtools-v133\4.29.0\selenium-devtools-v133-4.29.0.jar;C:\Users\zevet\.m2\repository\org\seleniumhq\selenium\selenium-devtools-v85\4.29.0\selenium-devtools-v85-4.29.0.jar;C:\Users\zevet\.m2\repository\org\seleniumhq\selenium\selenium-edge-driver\4.29.0\selenium-edge-driver-4.29.0.jar;C:\Users\zevet\.m2\repository\org\seleniumhq\selenium\selenium-firefox-driver\4.29.0\selenium-firefox-driver-4.29.0.jar;C:\Users\zevet\.m2\repository\org\seleniumhq\selenium\selenium-http\4.29.0\selenium-http-4.29.0.jar;C:\Users\zevet\.m2\repository\org\seleniumhq\selenium\selenium-ie-driver\4.29.0\selenium-ie-driver-4.29.0.jar;C:\Users\zevet\.m2\repository\org\seleniumhq\selenium\selenium-remote-driver\4.29.0\selenium-remote-driver-4.29.0.jar;C:\Users\zevet\.m2\repository\com\google\guava\guava\33.4.0-jre\guava-33.4.0-jre.jar;C:\Users\zevet\.m2\repository\com\google\guava\failureaccess\1.0.2\failureaccess-1.0.2.jar;C:\Users\zevet\.m2\repository\com\google\guava\listenablefuture\9999.0-empty-to-avoid-conflict-with-guava\listenablefuture-9999.0-empty-to-avoid-conflict-with-guava.jar;C:\Users\zevet\.m2\repository\com\google\code\findbugs\jsr305\3.0.2\jsr305-3.0.2.jar;C:\Users\zevet\.m2\repository\org\checkerframework\checker-qual\3.43.0\checker-qual-3.43.0.jar;C:\Users\zevet\.m2\repository\com\google\errorprone\error_prone_annotations\2.36.0\error_prone_annotations-2.36.0.jar;C:\Users\zevet\.m2\repository\com\google\j2objc\j2objc-annotations\3.0.0\j2objc-annotations-3.0.0.jar;C:\Users\zevet\.m2\repository\io\opentelemetry\semconv\opentelemetry-semconv\1.28.0-alpha\opentelemetry-semconv-1.28.0-alpha.jar;C:\Users\zevet\.m2\repository\io\opentelemetry\opentelemetry-api\1.46.0\opentelemetry-api-1.46.0.jar;C:\Users\zevet\.m2\repository\io\opentelemetry\opentelemetry-context\1.46.0\opentelemetry-context-1.46.0.jar;C:\Users\zevet\.m2\repository\io\opentelemetry\opentelemetry-exporter-logging\1.46.0\opentelemetry-exporter-logging-1.46.0.jar;C:\Users\zevet\.m2\repository\io\opentelemetry\opentelemetry-sdk-common\1.46.0\opentelemetry-sdk-common-1.46.0.jar;C:\Users\zevet\.m2\repository\io\opentelemetry\opentelemetry-sdk-extension-autoconfigure-spi\1.46.0\opentelemetry-sdk-extension-autoconfigure-spi-1.46.0.jar;C:\Users\zevet\.m2\repository\io\opentelemetry\opentelemetry-sdk-extension-autoconfigure\1.46.0\opentelemetry-sdk-extension-autoconfigure-1.46.0.jar;C:\Users\zevet\.m2\repository\io\opentelemetry\opentelemetry-api-incubator\1.46.0-alpha\opentelemetry-api-incubator-1.46.0-alpha.jar;C:\Users\zevet\.m2\repository\io\opentelemetry\opentelemetry-sdk-trace\1.46.0\opentelemetry-sdk-trace-1.46.0.jar;C:\Users\zevet\.m2\repository\io\opentelemetry\opentelemetry-sdk\1.46.0\opentelemetry-sdk-1.46.0.jar;C:\Users\zevet\.m2\repository\io\opentelemetry\opentelemetry-sdk-metrics\1.46.0\opentelemetry-sdk-metrics-1.46.0.jar;C:\Users\zevet\.m2\repository\io\opentelemetry\opentelemetry-sdk-logs\1.46.0\opentelemetry-sdk-logs-1.46.0.jar;C:\Users\zevet\.m2\repository\net\bytebuddy\byte-buddy\1.15.11\byte-buddy-1.15.11.jar;C:\Users\zevet\.m2\repository\org\seleniumhq\selenium\selenium-os\4.29.0\selenium-os-4.29.0.jar;C:\Users\zevet\.m2\repository\org\apache\commons\commons-exec\1.4.0\commons-exec-1.4.0.jar;C:\Users\zevet\.m2\repository\org\seleniumhq\selenium\selenium-safari-driver\4.29.0\selenium-safari-driver-4.29.0.jar;C:\Users\zevet\.m2\repository\org\seleniumhq\selenium\selenium-support\4.29.0\selenium-support-4.29.0.jar;C:\Users\zevet\.m2\repository\org\testng\testng\7.11.0\testng-7.11.0.jar;C:\Users\zevet\.m2\repository\org\slf4j\slf4j-api\2.0.16\slf4j-api-2.0.16.jar;C:\Users\zevet\.m2\repository\org\jcommander\jcommander\1.83\jcommander-1.83.jar;C:\Users\zevet\.m2\repository\org\webjars\jquery\3.7.1\jquery-3.7.1.jar;C:\Users\zevet\.m2\repository\org\apache\maven\plugin-tools\maven-plugin-annotations\4.0.0-beta-1\maven-plugin-annotations-4.0.0-beta-1.jar;C:\Users\zevet\.m2\repository\junit\junit\4.13.2\junit-4.13.2.jar;C:\Users\zevet\.m2\repository\org\hamcrest\hamcrest-core\1.3\hamcrest-core-1.3.jar;C:\Users\zevet\.m2\repository\commons-io\commons-io\2.18.0\commons-io-2.18.0.jar;C:\Users\zevet\.m2\repository\io\cucumber\cucumber-java\7.21.1\cucumber-java-7.21.1.jar;C:\Users\zevet\.m2\repository\io\cucumber\cucumber-core\7.21.1\cucumber-core-7.21.1.jar;C:\Users\zevet\.m2\repository\io\cucumber\cucumber-gherkin\7.21.1\cucumber-gherkin-7.21.1.jar;C:\Users\zevet\.m2\repository\io\cucumber\cucumber-gherkin-messages\7.21.1\cucumber-gherkin-messages-7.21.1.jar;C:\Users\zevet\.m2\repository\io\cucumber\gherkin\31.0.0\gherkin-31.0.0.jar;C:\Users\zevet\.m2\repository\io\cucumber\messages\27.2.0\messages-27.2.0.jar;C:\Users\zevet\.m2\repository\io\cucumber\testng-xml-formatter\0.3.1\testng-xml-formatter-0.3.1.jar;C:\Users\zevet\.m2\repository\io\cucumber\query\13.3.0\query-13.3.0.jar;C:\Users\zevet\.m2\repository\io\cucumber\tag-expressions\6.1.2\tag-expressions-6.1.2.jar;C:\Users\zevet\.m2\repository\io\cucumber\cucumber-expressions\18.0.1\cucumber-expressions-18.0.1.jar;C:\Users\zevet\.m2\repository\io\cucumber\datatable\7.21.1\datatable-7.21.1.jar;C:\Users\zevet\.m2\repository\io\cucumber\cucumber-plugin\7.21.1\cucumber-plugin-7.21.1.jar;C:\Users\zevet\.m2\repository\io\cucumber\docstring\7.21.1\docstring-7.21.1.jar;C:\Users\zevet\.m2\repository\io\cucumber\html-formatter\21.9.0\html-formatter-21.9.0.jar;C:\Users\zevet\.m2\repository\io\cucumber\junit-xml-formatter\0.7.1\junit-xml-formatter-0.7.1.jar;C:\Users\zevet\.m2\repository\io\cucumber\ci-environment\10.0.1\ci-environment-10.0.1.jar;C:\Users\zevet\.m2\repository\org\apiguardian\apiguardian-api\1.1.2\apiguardian-api-1.1.2.jar;C:\Users\zevet\.m2\repository\io\cucumber\cucumber-testng\7.21.1\cucumber-testng-7.21.1.jar;C:\Users\zevet\.m2\repository\io\github\bonigarcia\webdrivermanager\5.7.0\webdrivermanager-5.7.0.jar;C:\Users\zevet\.m2\repository\com\google\code\gson\gson\2.10.1\gson-2.10.1.jar;C:\Users\zevet\.m2\repository\com\github\docker-java\docker-java\3.3.5\docker-java-3.3.5.jar;C:\Users\zevet\.m2\repository\com\github\docker-java\docker-java-core\3.3.5\docker-java-core-3.3.5.jar;C:\Users\zevet\.m2\repository\com\github\docker-java\docker-java-api\3.3.5\docker-java-api-3.3.5.jar;C:\Users\zevet\.m2\repository\com\fasterxml\jackson\core\jackson-annotations\2.10.3\jackson-annotations-2.10.3.jar;C:\Users\zevet\.m2\repository\com\fasterxml\jackson\core\jackson-databind\2.10.3\jackson-databind-2.10.3.jar;C:\Users\zevet\.m2\repository\com\fasterxml\jackson\core\jackson-core\2.10.3\jackson-core-2.10.3.jar;C:\Users\zevet\.m2\repository\org\bouncycastle\bcpkix-jdk18on\1.76\bcpkix-jdk18on-1.76.jar;C:\Users\zevet\.m2\repository\org\bouncycastle\bcprov-jdk18on\1.76\bcprov-jdk18on-1.76.jar;C:\Users\zevet\.m2\repository\org\bouncycastle\bcutil-jdk18on\1.76\bcutil-jdk18on-1.76.jar;C:\Users\zevet\.m2\repository\org\slf4j\jcl-over-slf4j\1.7.30\jcl-over-slf4j-1.7.30.jar;C:\Users\zevet\.m2\repository\com\github\docker-java\docker-java-transport-httpclient5\3.3.5\docker-java-transport-httpclient5-3.3.5.jar;C:\Users\zevet\.m2\repository\com\github\docker-java\docker-java-transport\3.3.5\docker-java-transport-3.3.5.jar;C:\Users\zevet\.m2\repository\net\java\dev\jna\jna\5.13.0\jna-5.13.0.jar;C:\Users\zevet\.m2\repository\org\brotli\dec\0.1.2\dec-0.1.2.jar;C:\Users\zevet\.m2\repository\org\apache\commons\commons-lang3\3.14.0\commons-lang3-3.14.0.jar;C:\Users\zevet\.m2\repository\org\apache\commons\commons-compress\1.26.0\commons-compress-1.26.0.jar;C:\Users\zevet\.m2\repository\org\apache\httpcomponents\client5\httpclient5\5.2.1\httpclient5-5.2.1.jar;C:\Users\zevet\.m2\repository\org\apache\httpcomponents\core5\httpcore5\5.2\httpcore5-5.2.jar;C:\Users\zevet\.m2\repository\org\apache\httpcomponents\core5\httpcore5-h2\5.2\httpcore5-h2-5.2.jar;"/>
    <property name="java.vm.vendor" value="Oracle Corporation"/>
    <property name="sun.arch.data.model" value="64"/>
    <property name="user.variant" value=""/>
    <property name="java.vendor.url" value="https://java.oracle.com/"/>
    <property name="user.timezone" value="America/Buenos_Aires"/>
    <property name="os.name" value="Windows 11"/>
    <property name="java.vm.specification.version" value="23"/>
    <property name="sun.java.launcher" value="SUN_STANDARD"/>
    <property name="user.country" value="AR"/>
    <property name="sun.boot.library.path" value="C:\Program Files\Java\jdk-23\bin"/>
    <property name="sun.java.command" value="C:\Users\zevet\AppData\Local\Temp\surefire14274478351312124847\surefirebooter-20250704142511954_3.jar C:\Users\zevet\AppData\Local\Temp\surefire14274478351312124847 2025-07-04T14-25-11_773-jvmRun1 surefire-20250704142511954_1tmp surefire_0-20250704142511954_2tmp"/>
    <property name="jdk.debug" value="release"/>
    <property name="surefire.test.class.path" value="C:\Users\zevet\OneDrive\Escritorio\QA-ORANGE_HRM\qaorangehrm\target\test-classes;C:\Users\zevet\OneDrive\Escritorio\QA-ORANGE_HRM\qaorangehrm\target\classes;C:\Users\zevet\.m2\repository\org\seleniumhq\selenium\selenium-java\4.29.0\selenium-java-4.29.0.jar;C:\Users\zevet\.m2\repository\org\seleniumhq\selenium\selenium-api\4.29.0\selenium-api-4.29.0.jar;C:\Users\zevet\.m2\repository\org\jspecify\jspecify\1.0.0\jspecify-1.0.0.jar;C:\Users\zevet\.m2\repository\org\seleniumhq\selenium\selenium-chrome-driver\4.29.0\selenium-chrome-driver-4.29.0.jar;C:\Users\zevet\.m2\repository\com\google\auto\service\auto-service-annotations\1.1.1\auto-service-annotations-1.1.1.jar;C:\Users\zevet\.m2\repository\org\seleniumhq\selenium\selenium-chromium-driver\4.29.0\selenium-chromium-driver-4.29.0.jar;C:\Users\zevet\.m2\repository\org\seleniumhq\selenium\selenium-json\4.29.0\selenium-json-4.29.0.jar;C:\Users\zevet\.m2\repository\org\seleniumhq\selenium\selenium-manager\4.29.0\selenium-manager-4.29.0.jar;C:\Users\zevet\.m2\repository\org\seleniumhq\selenium\selenium-devtools-v131\4.29.0\selenium-devtools-v131-4.29.0.jar;C:\Users\zevet\.m2\repository\org\seleniumhq\selenium\selenium-devtools-v132\4.29.0\selenium-devtools-v132-4.29.0.jar;C:\Users\zevet\.m2\repository\org\seleniumhq\selenium\selenium-devtools-v133\4.29.0\selenium-devtools-v133-4.29.0.jar;C:\Users\zevet\.m2\repository\org\seleniumhq\selenium\selenium-devtools-v85\4.29.0\selenium-devtools-v85-4.29.0.jar;C:\Users\zevet\.m2\repository\org\seleniumhq\selenium\selenium-edge-driver\4.29.0\selenium-edge-driver-4.29.0.jar;C:\Users\zevet\.m2\repository\org\seleniumhq\selenium\selenium-firefox-driver\4.29.0\selenium-firefox-driver-4.29.0.jar;C:\Users\zevet\.m2\repository\org\seleniumhq\selenium\selenium-http\4.29.0\selenium-http-4.29.0.jar;C:\Users\zevet\.m2\repository\org\seleniumhq\selenium\selenium-ie-driver\4.29.0\selenium-ie-driver-4.29.0.jar;C:\Users\zevet\.m2\repository\org\seleniumhq\selenium\selenium-remote-driver\4.29.0\selenium-remote-driver-4.29.0.jar;C:\Users\zevet\.m2\repository\com\google\guava\guava\33.4.0-jre\guava-33.4.0-jre.jar;C:\Users\zevet\.m2\repository\com\google\guava\failureaccess\1.0.2\failureaccess-1.0.2.jar;C:\Users\zevet\.m2\repository\com\google\guava\listenablefuture\9999.0-empty-to-avoid-conflict-with-guava\listenablefuture-9999.0-empty-to-avoid-conflict-with-guava.jar;C:\Users\zevet\.m2\repository\com\google\code\findbugs\jsr305\3.0.2\jsr305-3.0.2.jar;C:\Users\zevet\.m2\repository\org\checkerframework\checker-qual\3.43.0\checker-qual-3.43.0.jar;C:\Users\zevet\.m2\repository\com\google\errorprone\error_prone_annotations\2.36.0\error_prone_annotations-2.36.0.jar;C:\Users\zevet\.m2\repository\com\google\j2objc\j2objc-annotations\3.0.0\j2objc-annotations-3.0.0.jar;C:\Users\zevet\.m2\repository\io\opentelemetry\semconv\opentelemetry-semconv\1.28.0-alpha\opentelemetry-semconv-1.28.0-alpha.jar;C:\Users\zevet\.m2\repository\io\opentelemetry\opentelemetry-api\1.46.0\opentelemetry-api-1.46.0.jar;C:\Users\zevet\.m2\repository\io\opentelemetry\opentelemetry-context\1.46.0\opentelemetry-context-1.46.0.jar;C:\Users\zevet\.m2\repository\io\opentelemetry\opentelemetry-exporter-logging\1.46.0\opentelemetry-exporter-logging-1.46.0.jar;C:\Users\zevet\.m2\repository\io\opentelemetry\opentelemetry-sdk-common\1.46.0\opentelemetry-sdk-common-1.46.0.jar;C:\Users\zevet\.m2\repository\io\opentelemetry\opentelemetry-sdk-extension-autoconfigure-spi\1.46.0\opentelemetry-sdk-extension-autoconfigure-spi-1.46.0.jar;C:\Users\zevet\.m2\repository\io\opentelemetry\opentelemetry-sdk-extension-autoconfigure\1.46.0\opentelemetry-sdk-extension-autoconfigure-1.46.0.jar;C:\Users\zevet\.m2\repository\io\opentelemetry\opentelemetry-api-incubator\1.46.0-alpha\opentelemetry-api-incubator-1.46.0-alpha.jar;C:\Users\zevet\.m2\repository\io\opentelemetry\opentelemetry-sdk-trace\1.46.0\opentelemetry-sdk-trace-1.46.0.jar;C:\Users\zevet\.m2\repository\io\opentelemetry\opentelemetry-sdk\1.46.0\opentelemetry-sdk-1.46.0.jar;C:\Users\zevet\.m2\repository\io\opentelemetry\opentelemetry-sdk-metrics\1.46.0\opentelemetry-sdk-metrics-1.46.0.jar;C:\Users\zevet\.m2\repository\io\opentelemetry\opentelemetry-sdk-logs\1.46.0\opentelemetry-sdk-logs-1.46.0.jar;C:\Users\zevet\.m2\repository\net\bytebuddy\byte-buddy\1.15.11\byte-buddy-1.15.11.jar;C:\Users\zevet\.m2\repository\org\seleniumhq\selenium\selenium-os\4.29.0\selenium-os-4.29.0.jar;C:\Users\zevet\.m2\repository\org\apache\commons\commons-exec\1.4.0\commons-exec-1.4.0.jar;C:\Users\zevet\.m2\repository\org\seleniumhq\selenium\selenium-safari-driver\4.29.0\selenium-safari-driver-4.29.0.jar;C:\Users\zevet\.m2\repository\org\seleniumhq\selenium\selenium-support\4.29.0\selenium-support-4.29.0.jar;C:\Users\zevet\.m2\repository\org\testng\testng\7.11.0\testng-7.11.0.jar;C:\Users\zevet\.m2\repository\org\slf4j\slf4j-api\2.0.16\slf4j-api-2.0.16.jar;C:\Users\zevet\.m2\repository\org\jcommander\jcommander\1.83\jcommander-1.83.jar;C:\Users\zevet\.m2\repository\org\webjars\jquery\3.7.1\jquery-3.7.1.jar;C:\Users\zevet\.m2\repository\org\apache\maven\plugin-tools\maven-plugin-annotations\4.0.0-beta-1\maven-plugin-annotations-4.0.0-beta-1.jar;C:\Users\zevet\.m2\repository\junit\junit\4.13.2\junit-4.13.2.jar;C:\Users\zevet\.m2\repository\org\hamcrest\hamcrest-core\1.3\hamcrest-core-1.3.jar;C:\Users\zevet\.m2\repository\commons-io\commons-io\2.18.0\commons-io-2.18.0.jar;C:\Users\zevet\.m2\repository\io\cucumber\cucumber-java\7.21.1\cucumber-java-7.21.1.jar;C:\Users\zevet\.m2\repository\io\cucumber\cucumber-core\7.21.1\cucumber-core-7.21.1.jar;C:\Users\zevet\.m2\repository\io\cucumber\cucumber-gherkin\7.21.1\cucumber-gherkin-7.21.1.jar;C:\Users\zevet\.m2\repository\io\cucumber\cucumber-gherkin-messages\7.21.1\cucumber-gherkin-messages-7.21.1.jar;C:\Users\zevet\.m2\repository\io\cucumber\gherkin\31.0.0\gherkin-31.0.0.jar;C:\Users\zevet\.m2\repository\io\cucumber\messages\27.2.0\messages-27.2.0.jar;C:\Users\zevet\.m2\repository\io\cucumber\testng-xml-formatter\0.3.1\testng-xml-formatter-0.3.1.jar;C:\Users\zevet\.m2\repository\io\cucumber\query\13.3.0\query-13.3.0.jar;C:\Users\zevet\.m2\repository\io\cucumber\tag-expressions\6.1.2\tag-expressions-6.1.2.jar;C:\Users\zevet\.m2\repository\io\cucumber\cucumber-expressions\18.0.1\cucumber-expressions-18.0.1.jar;C:\Users\zevet\.m2\repository\io\cucumber\datatable\7.21.1\datatable-7.21.1.jar;C:\Users\zevet\.m2\repository\io\cucumber\cucumber-plugin\7.21.1\cucumber-plugin-7.21.1.jar;C:\Users\zevet\.m2\repository\io\cucumber\docstring\7.21.1\docstring-7.21.1.jar;C:\Users\zevet\.m2\repository\io\cucumber\html-formatter\21.9.0\html-formatter-21.9.0.jar;C:\Users\zevet\.m2\repository\io\cucumber\junit-xml-formatter\0.7.1\junit-xml-formatter-0.7.1.jar;C:\Users\zevet\.m2\repository\io\cucumber\ci-environment\10.0.1\ci-environment-10.0.1.jar;C:\Users\zevet\.m2\repository\org\apiguardian\apiguardian-api\1.1.2\apiguardian-api-1.1.2.jar;C:\Users\zevet\.m2\repository\io\cucumber\cucumber-testng\7.21.1\cucumber-testng-7.21.1.jar;C:\Users\zevet\.m2\repository\io\github\bonigarcia\webdrivermanager\5.7.0\webdrivermanager-5.7.0.jar;C:\Users\zevet\.m2\repository\com\google\code\gson\gson\2.10.1\gson-2.10.1.jar;C:\Users\zevet\.m2\repository\com\github\docker-java\docker-java\3.3.5\docker-java-3.3.5.jar;C:\Users\zevet\.m2\repository\com\github\docker-java\docker-java-core\3.3.5\docker-java-core-3.3.5.jar;C:\Users\zevet\.m2\repository\com\github\docker-java\docker-java-api\3.3.5\docker-java-api-3.3.5.jar;C:\Users\zevet\.m2\repository\com\fasterxml\jackson\core\jackson-annotations\2.10.3\jackson-annotations-2.10.3.jar;C:\Users\zevet\.m2\repository\com\fasterxml\jackson\core\jackson-databind\2.10.3\jackson-databind-2.10.3.jar;C:\Users\zevet\.m2\repository\com\fasterxml\jackson\core\jackson-core\2.10.3\jackson-core-2.10.3.jar;C:\Users\zevet\.m2\repository\org\bouncycastle\bcpkix-jdk18on\1.76\bcpkix-jdk18on-1.76.jar;C:\Users\zevet\.m2\repository\org\bouncycastle\bcprov-jdk18on\1.76\bcprov-jdk18on-1.76.jar;C:\Users\zevet\.m2\repository\org\bouncycastle\bcutil-jdk18on\1.76\bcutil-jdk18on-1.76.jar;C:\Users\zevet\.m2\repository\org\slf4j\jcl-over-slf4j\1.7.30\jcl-over-slf4j-1.7.30.jar;C:\Users\zevet\.m2\repository\com\github\docker-java\docker-java-transport-httpclient5\3.3.5\docker-java-transport-httpclient5-3.3.5.jar;C:\Users\zevet\.m2\repository\com\github\docker-java\docker-java-transport\3.3.5\docker-java-transport-3.3.5.jar;C:\Users\zevet\.m2\repository\net\java\dev\jna\jna\5.13.0\jna-5.13.0.jar;C:\Users\zevet\.m2\repository\org\brotli\dec\0.1.2\dec-0.1.2.jar;C:\Users\zevet\.m2\repository\org\apache\commons\commons-lang3\3.14.0\commons-lang3-3.14.0.jar;C:\Users\zevet\.m2\repository\org\apache\commons\commons-compress\1.26.0\commons-compress-1.26.0.jar;C:\Users\zevet\.m2\repository\org\apache\httpcomponents\client5\httpclient5\5.2.1\httpclient5-5.2.1.jar;C:\Users\zevet\.m2\repository\org\apache\httpcomponents\core5\httpcore5\5.2\httpcore5-5.2.jar;C:\Users\zevet\.m2\repository\org\apache\httpcomponents\core5\httpcore5-h2\5.2\httpcore5-h2-5.2.jar;"/>
    <property name="sun.cpu.endian" value="little"/>
    <property name="user.home" value="C:\Users\zevet"/>
    <property name="user.language" value="es"/>
    <property name="java.specification.vendor" value="Oracle Corporation"/>
    <property name="java.version.date" value="2025-01-21"/>
    <property name="java.home" value="C:\Program Files\Java\jdk-23"/>
    <property name="file.separator" value="\"/>
    <property name="basedir" value="C:\Users\zevet\OneDrive\Escritorio\QA-ORANGE_HRM\qaorangehrm"/>
    <property name="java.vm.compressedOopsMode" value="Zero based"/>
    <property name="line.separator" value="&#10;"/>
    <property name="java.vm.specification.vendor" value="Oracle Corporation"/>
    <property name="java.specification.name" value="Java Platform API Specification"/>
    <property name="surefire.real.class.path" value="C:\Users\zevet\AppData\Local\Temp\surefire14274478351312124847\surefirebooter-20250704142511954_3.jar"/>
    <property name="user.script" value=""/>
    <property name="sun.management.compiler" value="HotSpot 64-Bit Tiered Compilers"/>
    <property name="java.runtime.version" value="23.0.2+7-58"/>
    <property name="user.name" value="zevet"/>
    <property name="stdout.encoding" value="Cp1252"/>
    <property name="path.separator" value=";"/>
    <property name="os.version" value="10.0"/>
    <property name="java.runtime.name" value="Java(TM) SE Runtime Environment"/>
    <property name="file.encoding" value="UTF-8"/>
    <property name="java.vm.name" value="Java HotSpot(TM) 64-Bit Server VM"/>
    <property name="localRepository" value="C:\Users\zevet\.m2\repository"/>
    <property name="java.vendor.url.bug" value="https://bugreport.java.com/bugreport/"/>
    <property name="java.io.tmpdir" value="C:\Users\zevet\AppData\Local\Temp\"/>
    <property name="java.version" value="23.0.2"/>
    <property name="cucumber.filter.tags" value="@AddUser"/>
    <property name="user.dir" value="C:\Users\zevet\OneDrive\Escritorio\QA-ORANGE_HRM\qaorangehrm"/>
    <property name="os.arch" value="amd64"/>
    <property name="java.vm.specification.name" value="Java Virtual Machine Specification"/>
    <property name="sun.os.patch.level" value=""/>
    <property name="native.encoding" value="Cp1252"/>
    <property name="java.library.path" value="C:\Program Files\Java\jdk-23\bin;C:\WINDOWS\Sun\Java\bin;C:\WINDOWS\system32;C:\WINDOWS;C:\Users\zevet\bin;C:\Program Files\Git\mingw64\bin;C:\Program Files\Git\usr\local\bin;C:\Program Files\Git\usr\bin;C:\Program Files\Git\usr\bin;C:\Program Files\Git\mingw64\bin;C:\Program Files\Git\usr\bin;C:\Users\zevet\bin;C:\Program Files\Common Files\Oracle\Java\javapath;C:\WINDOWS\system32;C:\WINDOWS;C:\WINDOWS\System32\Wbem;C:\WINDOWS\System32\WindowsPowerShell\v1.0;C:\WINDOWS\System32\OpenSSH;C:\Program Files\dotnet;C:\Program Files\Git\cmd;C:\Program Files\Microsoft SQL Server\150\Tools\Binn;C:\Program Files\Microsoft SQL Server\Client SDK\ODBC\170\Tools\Binn;C:\Program Files (x86)\Microsoft SQL Server\160\Tools\Binn;C:\Program Files\Microsoft SQL Server\160\Tools\Binn;C:\Program Files\Microsoft SQL Server\160\DTS\Binn;C:\Program Files (x86)\Microsoft SQL Server\160\DTS\Binn;C:\Program Files\Java\jdk-23\bin;C:\Program Files\apache-maven-3.9.9\bin;C:\Program Files\chromedriver-win64;C:\Program Files\nodejs;C:\Program Files\Docker\Docker\resources\bin;C:\Users\zevet\AppData\Local\Programs\Python\Python313\Scripts;C:\Users\zevet\AppData\Local\Programs\Python\Python313;C:\Users\zevet\AppData\Local\Programs\Python\Launcher;C:\Users\zevet\AppData\Local\Microsoft\WindowsApps;C:\Users\zevet\.dotnet\tools;C:\Users\zevet\AppData\Local\Programs\Microsoft VS Code\bin;C:\Users\zevet\AppData\Roaming\npm;C:\Program Files\Git\usr\bin\vendor_perl;C:\Program Files\Git\usr\bin\core_perl;."/>
    <property name="java.vm.info" value="mixed mode, sharing"/>
    <property name="stderr.encoding" value="Cp1252"/>
    <property name="java.vendor" value="Oracle Corporation"/>
    <property name="java.vm.version" value="23.0.2+7-58"/>
    <property name="sun.io.unicode.encoding" value="UnicodeLittle"/>
    <property name="java.class.version" value="67.0"/>
  </properties>
  <testcase name="runScenario[&quot;Successfully add a new user with ESS role and enabled status&quot;, &quot;Add a new user in the Admin panel&quot;](1)" classname="qa.orangehrm.runner.TestRunner" time="48.285">
    <system-out><![CDATA[
@AddUser @AllTests
Scenario: Successfully add a new user with ESS role and enabled status &amp#27;[90m# src/test/java/qa/orangehrm/features/adduserInAdminLayout.feature:4&amp#27;[0m
[2025-07-04 14:25:14.139][INFO] -->Ejecutando con ventana maximizada
[2025-07-04 14:25:17.906][INFO] -->Levantando: https://opensource-demo.orangehrmlive.com/web/index.php/auth/login
[2025-07-04 14:25:20.373][ OK] -->ScreenShot: reports/screenshots/SCREENSHOT 04-jul-2025 142520_361 .png
[2025-07-04 14:25:26.565][INFO] -->levante la url
[2025-07-04 14:25:26.780][ OK] -->ScreenShot: reports/screenshots/SCREENSHOT 04-jul-2025 142526_771 .png
  &amp#27;[32mGiven &amp#27;[0m&amp#27;[32mThe user is logged in as an Admin and on the Dashboard page&amp#27;[0m    &amp#27;[90m# qa.orangehrm.steps.addUserSteps.the_user_is_logged_in_as_admin()&amp#27;[0m
[2025-07-04 14:25:28.702][INFO] -->Admin item clicked
[2025-07-04 14:25:28.858][ OK] -->ScreenShot: reports/screenshots/SCREENSHOT 04-jul-2025 142528_853 .png
[2025-07-04 14:25:29.859][INFO] -->clickea en admin
[2025-07-04 14:25:30.093][ OK] -->ScreenShot: reports/screenshots/SCREENSHOT 04-jul-2025 142530_063 .png
  &amp#27;[32mWhen &amp#27;[0m&amp#27;[32mThe user clicks on the Admin option in the search panel&amp#27;[0m         &amp#27;[90m# qa.orangehrm.steps.addUserSteps.the_user_clicks_on_the_admin_option_in_the_search_panel()&amp#27;[0m
[2025-07-04 14:25:30.097][INFO] -->Verifico si estoy en la gestion de usuarios
[2025-07-04 14:25:32.333][ OK] -->ScreenShot: reports/screenshots/SCREENSHOT 04-jul-2025 142532_328 .png
  &amp#27;[32mThen &amp#27;[0m&amp#27;[32mThe user should be redirected to the User Management layout&amp#27;[0m     &amp#27;[90m# qa.orangehrm.steps.addUserSteps.verifyRedirectToUserManagement()&amp#27;[0m
[2025-07-04 14:25:32.334][INFO] -->clickea en agregar
[2025-07-04 14:25:32.483][ OK] -->ScreenShot: reports/screenshots/SCREENSHOT 04-jul-2025 142532_476 .png
[2025-07-04 14:25:34.046][INFO] -->Add button clicked
  &amp#27;[32mWhen &amp#27;[0m&amp#27;[32mThe user clicks on the Add button&amp#27;[0m                               &amp#27;[90m# qa.orangehrm.steps.addUserSteps.the_user_clicks_on_the_add_button()&amp#27;[0m
[2025-07-04 14:25:34.050][INFO] -->Verifico si estoy en la vista de agregar usuario
[2025-07-04 14:25:35.104][OK] -->Assertion: Resultado Esperado: Add User Resultado Obtenido: Add User
[2025-07-04 14:25:36.335][ OK] -->ScreenShot: reports/screenshots/SCREENSHOT 04-jul-2025 142536_327 .png
  &amp#27;[32mThen &amp#27;[0m&amp#27;[32mThe user should be redirected to the Add User layout&amp#27;[0m            &amp#27;[90m# qa.orangehrm.steps.addUserSteps.verifyRedirectToAddUser()&amp#27;[0m
[2025-07-04 14:25:39.980][ OK] -->ScreenShot: reports/screenshots/SCREENSHOT 04-jul-2025 142539_976 .png
[2025-07-04 14:25:40.021][INFO] -->Seleccionando rol de usuario: ESS
  &amp#27;[32mWhen &amp#27;[0m&amp#27;[32mThe user selects &amp#27;[0m&amp#27;[32m&amp#27;[1m"ESS"&amp#27;[0m&amp#27;[32m from the User Role dropdown&amp#27;[0m              &amp#27;[90m# qa.orangehrm.steps.addUserSteps.the_user_selects_ess_from_the_user_role_dropdown(java.lang.String)&amp#27;[0m
[2025-07-04 14:25:41.029][INFO] -->Seleccionando nombre de empleado: James Butler
[2025-07-04 14:25:47.411][ OK] -->ScreenShot: reports/screenshots/SCREENSHOT 04-jul-2025 142547_405 .png
  &amp#27;[32mAnd &amp#27;[0m&amp#27;[32mThe user selects &amp#27;[0m&amp#27;[32m&amp#27;[1m"James Butler"&amp#27;[0m&amp#27;[32m from the Employee Name dropdown&amp#27;[0m  &amp#27;[90m# qa.orangehrm.steps.addUserSteps.the_user_selects_john_doe_from_the_employee_name_dropdown(java.lang.String)&amp#27;[0m
[2025-07-04 14:25:47.413][INFO] -->Selecciona User status
[2025-07-04 14:25:51.854][ OK] -->ScreenShot: reports/screenshots/SCREENSHOT 04-jul-2025 142551_849 .png
[2025-07-04 14:25:52.044][ OK] -->ScreenShot: reports/screenshots/SCREENSHOT 04-jul-2025 142552_038 .png
[2025-07-04 14:25:52.044][INFO] -->Cerrando Driver
  &amp#27;[32mAnd &amp#27;[0m&amp#27;[32mThe user selects &amp#27;[0m&amp#27;[32m&amp#27;[1m"Enabled"&amp#27;[0m&amp#27;[32m from the Status dropdown&amp#27;[0m              &amp#27;[90m# qa.orangehrm.steps.addUserSteps.the_user_selects_from_the_status_dropdown(java.lang.String)&amp#27;[0m
[2025-07-04 14:25:55.056][INFO] -->Ingresando nombre de usuario: Uzerv-test
[2025-07-04 14:25:58.392][ OK] -->ScreenShot: reports/screenshots/SCREENSHOT 04-jul-2025 142558_387 .png
  &amp#27;[32mAnd &amp#27;[0m&amp#27;[32mThe user enters &amp#27;[0m&amp#27;[32m&amp#27;[1m"Uzerv-test"&amp#27;[0m&amp#27;[32m as the Username&amp#27;[0m                     &amp#27;[90m# qa.orangehrm.steps.addUserSteps.the_user_enters_in_the_username_input_field(java.lang.String)&amp#27;[0m
[2025-07-04 14:25:58.394][INFO] -->Ingresando contraseña: user123
[2025-07-04 14:26:01.769][ OK] -->ScreenShot: reports/screenshots/SCREENSHOT 04-jul-2025 142601_760 .png
  &amp#27;[32mAnd &amp#27;[0m&amp#27;[32mThe user enters &amp#27;[0m&amp#27;[32m&amp#27;[1m"user123"&amp#27;[0m&amp#27;[32m as the Password&amp#27;[0m                        &amp#27;[90m# qa.orangehrm.steps.addUserSteps.the_user_enters_in_the_password_input_field(java.lang.String)&amp#27;[0m
]]></system-out>
    <system-err><![CDATA[SLF4J(W): No SLF4J providers were found.
SLF4J(W): Defaulting to no-operation (NOP) logger implementation
SLF4J(W): See https://www.slf4j.org/codes.html#noProviders for further details.
jul 04, 2025 2:25:15 P. M. org.openqa.selenium.devtools.CdpVersionFinder findNearestMatch
WARNING: Unable to find CDP implementation matching 138
jul 04, 2025 2:25:15 P. M. org.openqa.selenium.chromium.ChromiumDriver lambda$new$4
WARNING: Unable to find version of CDP to use for 138.0.7204.97. You may need to include a dependency on a specific version of the CDP using something similar to `org.seleniumhq.selenium:selenium-devtools-v86:4.29.0` where the version ("v86") matches the version of the chromium-based browser you're using and the version number of the artifact is the same as Selenium's.
]]></system-err>
  </testcase>
</testsuite>