<?xml version="1.0" encoding="UTF-8"?>
<testsuite xmlns:xsi="http://www.w3.org/2001/XMLSchema-instance" xsi:noNamespaceSchemaLocation="https://maven.apache.org/surefire/maven-surefire-plugin/xsd/surefire-test-report-3.0.xsd" version="3.0" name="TestSuite" time="40.33" tests="1" errors="0" skipped="0" failures="0">
  <properties>
    <property name="java.specification.version" value="23"/>
    <property name="webdriver.chrome.driver" value="resources/chromedriver_V134/chromedriver.exe"/>
    <property name="sun.cpu.isalist" value="amd64"/>
    <property name="sun.jnu.encoding" value="Cp1252"/>
    <property name="sun.awt.enableExtraMouseButtons" value="true"/>
    <property name="java.class.path" value="C:\Users\zevet\OneDrive\Escritorio\QA-ORANGE_HRM\qaorangehrm\target\test-classes;C:\Users\zevet\OneDrive\Escritorio\QA-ORANGE_HRM\qaorangehrm\target\classes;C:\Users\zevet\.m2\repository\org\seleniumhq\selenium\selenium-java\4.29.0\selenium-java-4.29.0.jar;C:\Users\zevet\.m2\repository\org\seleniumhq\selenium\selenium-api\4.29.0\selenium-api-4.29.0.jar;C:\Users\zevet\.m2\repository\org\jspecify\jspecify\1.0.0\jspecify-1.0.0.jar;C:\Users\zevet\.m2\repository\org\seleniumhq\selenium\selenium-chrome-driver\4.29.0\selenium-chrome-driver-4.29.0.jar;C:\Users\zevet\.m2\repository\com\google\auto\service\auto-service-annotations\1.1.1\auto-service-annotations-1.1.1.jar;C:\Users\zevet\.m2\repository\org\seleniumhq\selenium\selenium-chromium-driver\4.29.0\selenium-chromium-driver-4.29.0.jar;C:\Users\zevet\.m2\repository\org\seleniumhq\selenium\selenium-json\4.29.0\selenium-json-4.29.0.jar;C:\Users\zevet\.m2\repository\org\seleniumhq\selenium\selenium-manager\4.29.0\selenium-manager-4.29.0.jar;C:\Users\zevet\.m2\repository\org\seleniumhq\selenium\selenium-devtools-v131\4.29.0\selenium-devtools-v131-4.29.0.jar;C:\Users\zevet\.m2\repository\org\seleniumhq\selenium\selenium-devtools-v132\4.29.0\selenium-devtools-v132-4.29.0.jar;C:\Users\zevet\.m2\repository\org\seleniumhq\selenium\selenium-devtools-v133\4.29.0\selenium-devtools-v133-4.29.0.jar;C:\Users\zevet\.m2\repository\org\seleniumhq\selenium\selenium-devtools-v85\4.29.0\selenium-devtools-v85-4.29.0.jar;C:\Users\zevet\.m2\repository\org\seleniumhq\selenium\selenium-edge-driver\4.29.0\selenium-edge-driver-4.29.0.jar;C:\Users\zevet\.m2\repository\org\seleniumhq\selenium\selenium-firefox-driver\4.29.0\selenium-firefox-driver-4.29.0.jar;C:\Users\zevet\.m2\repository\org\seleniumhq\selenium\selenium-http\4.29.0\selenium-http-4.29.0.jar;C:\Users\zevet\.m2\repository\org\seleniumhq\selenium\selenium-ie-driver\4.29.0\selenium-ie-driver-4.29.0.jar;C:\Users\zevet\.m2\repository\org\seleniumhq\selenium\selenium-remote-driver\4.29.0\selenium-remote-driver-4.29.0.jar;C:\Users\zevet\.m2\repository\com\google\guava\guava\33.4.0-jre\guava-33.4.0-jre.jar;C:\Users\zevet\.m2\repository\com\google\guava\failureaccess\1.0.2\failureaccess-1.0.2.jar;C:\Users\zevet\.m2\repository\com\google\guava\listenablefuture\9999.0-empty-to-avoid-conflict-with-guava\listenablefuture-9999.0-empty-to-avoid-conflict-with-guava.jar;C:\Users\zevet\.m2\repository\com\google\code\findbugs\jsr305\3.0.2\jsr305-3.0.2.jar;C:\Users\zevet\.m2\repository\org\checkerframework\checker-qual\3.43.0\checker-qual-3.43.0.jar;C:\Users\zevet\.m2\repository\com\google\errorprone\error_prone_annotations\2.36.0\error_prone_annotations-2.36.0.jar;C:\Users\zevet\.m2\repository\com\google\j2objc\j2objc-annotations\3.0.0\j2objc-annotations-3.0.0.jar;C:\Users\zevet\.m2\repository\io\opentelemetry\semconv\opentelemetry-semconv\1.28.0-alpha\opentelemetry-semconv-1.28.0-alpha.jar;C:\Users\zevet\.m2\repository\io\opentelemetry\opentelemetry-api\1.46.0\opentelemetry-api-1.46.0.jar;C:\Users\zevet\.m2\repository\io\opentelemetry\opentelemetry-context\1.46.0\opentelemetry-context-1.46.0.jar;C:\Users\zevet\.m2\repository\io\opentelemetry\opentelemetry-exporter-logging\1.46.0\opentelemetry-exporter-logging-1.46.0.jar;C:\Users\zevet\.m2\repository\io\opentelemetry\opentelemetry-sdk-common\1.46.0\opentelemetry-sdk-common-1.46.0.jar;C:\Users\zevet\.m2\repository\io\opentelemetry\opentelemetry-sdk-extension-autoconfigure-spi\1.46.0\opentelemetry-sdk-extension-autoconfigure-spi-1.46.0.jar;C:\Users\zevet\.m2\repository\io\opentelemetry\opentelemetry-sdk-extension-autoconfigure\1.46.0\opentelemetry-sdk-extension-autoconfigure-1.46.0.jar;C:\Users\zevet\.m2\repository\io\opentelemetry\opentelemetry-api-incubator\1.46.0-alpha\opentelemetry-api-incubator-1.46.0-alpha.jar;C:\Users\zevet\.m2\repository\io\opentelemetry\opentelemetry-sdk-trace\1.46.0\opentelemetry-sdk-trace-1.46.0.jar;C:\Users\zevet\.m2\repository\io\opentelemetry\opentelemetry-sdk\1.46.0\opentelemetry-sdk-1.46.0.jar;C:\Users\zevet\.m2\repository\io\opentelemetry\opentelemetry-sdk-metrics\1.46.0\opentelemetry-sdk-metrics-1.46.0.jar;C:\Users\zevet\.m2\repository\io\opentelemetry\opentelemetry-sdk-logs\1.46.0\opentelemetry-sdk-logs-1.46.0.jar;C:\Users\zevet\.m2\repository\net\bytebuddy\byte-buddy\1.15.11\byte-buddy-1.15.11.jar;C:\Users\zevet\.m2\repository\org\seleniumhq\selenium\selenium-os\4.29.0\selenium-os-4.29.0.jar;C:\Users\zevet\.m2\repository\org\apache\commons\commons-exec\1.4.0\commons-exec-1.4.0.jar;C:\Users\zevet\.m2\repository\org\seleniumhq\selenium\selenium-safari-driver\4.29.0\selenium-safari-driver-4.29.0.jar;C:\Users\zevet\.m2\repository\org\seleniumhq\selenium\selenium-support\4.29.0\selenium-support-4.29.0.jar;C:\Users\zevet\.m2\repository\org\testng\testng\7.11.0\testng-7.11.0.jar;C:\Users\zevet\.m2\repository\org\slf4j\slf4j-api\2.0.16\slf4j-api-2.0.16.jar;C:\Users\zevet\.m2\repository\org\jcommander\jcommander\1.83\jcommander-1.83.jar;C:\Users\zevet\.m2\repository\org\webjars\jquery\3.7.1\jquery-3.7.1.jar;C:\Users\zevet\.m2\repository\org\apache\maven\plugin-tools\maven-plugin-annotations\4.0.0-beta-1\maven-plugin-annotations-4.0.0-beta-1.jar;C:\Users\zevet\.m2\repository\junit\junit\4.13.2\junit-4.13.2.jar;C:\Users\zevet\.m2\repository\org\hamcrest\hamcrest-core\1.3\hamcrest-core-1.3.jar;C:\Users\zevet\.m2\repository\commons-io\commons-io\2.18.0\commons-io-2.18.0.jar;C:\Users\zevet\.m2\repository\io\cucumber\cucumber-java\7.21.1\cucumber-java-7.21.1.jar;C:\Users\zevet\.m2\repository\io\cucumber\cucumber-core\7.21.1\cucumber-core-7.21.1.jar;C:\Users\zevet\.m2\repository\io\cucumber\cucumber-gherkin\7.21.1\cucumber-gherkin-7.21.1.jar;C:\Users\zevet\.m2\repository\io\cucumber\cucumber-gherkin-messages\7.21.1\cucumber-gherkin-messages-7.21.1.jar;C:\Users\zevet\.m2\repository\io\cucumber\gherkin\31.0.0\gherkin-31.0.0.jar;C:\Users\zevet\.m2\repository\io\cucumber\messages\27.2.0\messages-27.2.0.jar;C:\Users\zevet\.m2\repository\io\cucumber\testng-xml-formatter\0.3.1\testng-xml-formatter-0.3.1.jar;C:\Users\zevet\.m2\repository\io\cucumber\query\13.2.0\query-13.2.0.jar;C:\Users\zevet\.m2\repository\io\cucumber\tag-expressions\6.1.2\tag-expressions-6.1.2.jar;C:\Users\zevet\.m2\repository\io\cucumber\cucumber-expressions\18.0.1\cucumber-expressions-18.0.1.jar;C:\Users\zevet\.m2\repository\io\cucumber\datatable\7.21.1\datatable-7.21.1.jar;C:\Users\zevet\.m2\repository\io\cucumber\cucumber-plugin\7.21.1\cucumber-plugin-7.21.1.jar;C:\Users\zevet\.m2\repository\io\cucumber\docstring\7.21.1\docstring-7.21.1.jar;C:\Users\zevet\.m2\repository\io\cucumber\html-formatter\21.9.0\html-formatter-21.9.0.jar;C:\Users\zevet\.m2\repository\io\cucumber\junit-xml-formatter\0.7.1\junit-xml-formatter-0.7.1.jar;C:\Users\zevet\.m2\repository\io\cucumber\ci-environment\10.0.1\ci-environment-10.0.1.jar;C:\Users\zevet\.m2\repository\org\apiguardian\apiguardian-api\1.1.2\apiguardian-api-1.1.2.jar;C:\Users\zevet\.m2\repository\io\cucumber\cucumber-testng\7.21.1\cucumber-testng-7.21.1.jar;"/>
    <property name="java.vm.vendor" value="Oracle Corporation"/>
    <property name="sun.arch.data.model" value="64"/>
    <property name="user.variant" value=""/>
    <property name="java.vendor.url" value="https://java.oracle.com/"/>
    <property name="user.timezone" value="America/Buenos_Aires"/>
    <property name="os.name" value="Windows 11"/>
    <property name="java.vm.specification.version" value="23"/>
    <property name="sun.java.launcher" value="SUN_STANDARD"/>
    <property name="user.country" value="AR"/>
    <property name="sun.boot.library.path" value="C:\Program Files\Java\jdk-23\bin"/>
    <property name="sun.java.command" value="C:\Users\zevet\AppData\Local\Temp\surefire18183825476508783232\surefirebooter-20250312151129543_3.jar C:\Users\zevet\AppData\Local\Temp\surefire18183825476508783232 2025-03-12T15-11-29_390-jvmRun1 surefire-20250312151129543_1tmp surefire_0-20250312151129543_2tmp"/>
    <property name="jdk.debug" value="release"/>
    <property name="surefire.test.class.path" value="C:\Users\zevet\OneDrive\Escritorio\QA-ORANGE_HRM\qaorangehrm\target\test-classes;C:\Users\zevet\OneDrive\Escritorio\QA-ORANGE_HRM\qaorangehrm\target\classes;C:\Users\zevet\.m2\repository\org\seleniumhq\selenium\selenium-java\4.29.0\selenium-java-4.29.0.jar;C:\Users\zevet\.m2\repository\org\seleniumhq\selenium\selenium-api\4.29.0\selenium-api-4.29.0.jar;C:\Users\zevet\.m2\repository\org\jspecify\jspecify\1.0.0\jspecify-1.0.0.jar;C:\Users\zevet\.m2\repository\org\seleniumhq\selenium\selenium-chrome-driver\4.29.0\selenium-chrome-driver-4.29.0.jar;C:\Users\zevet\.m2\repository\com\google\auto\service\auto-service-annotations\1.1.1\auto-service-annotations-1.1.1.jar;C:\Users\zevet\.m2\repository\org\seleniumhq\selenium\selenium-chromium-driver\4.29.0\selenium-chromium-driver-4.29.0.jar;C:\Users\zevet\.m2\repository\org\seleniumhq\selenium\selenium-json\4.29.0\selenium-json-4.29.0.jar;C:\Users\zevet\.m2\repository\org\seleniumhq\selenium\selenium-manager\4.29.0\selenium-manager-4.29.0.jar;C:\Users\zevet\.m2\repository\org\seleniumhq\selenium\selenium-devtools-v131\4.29.0\selenium-devtools-v131-4.29.0.jar;C:\Users\zevet\.m2\repository\org\seleniumhq\selenium\selenium-devtools-v132\4.29.0\selenium-devtools-v132-4.29.0.jar;C:\Users\zevet\.m2\repository\org\seleniumhq\selenium\selenium-devtools-v133\4.29.0\selenium-devtools-v133-4.29.0.jar;C:\Users\zevet\.m2\repository\org\seleniumhq\selenium\selenium-devtools-v85\4.29.0\selenium-devtools-v85-4.29.0.jar;C:\Users\zevet\.m2\repository\org\seleniumhq\selenium\selenium-edge-driver\4.29.0\selenium-edge-driver-4.29.0.jar;C:\Users\zevet\.m2\repository\org\seleniumhq\selenium\selenium-firefox-driver\4.29.0\selenium-firefox-driver-4.29.0.jar;C:\Users\zevet\.m2\repository\org\seleniumhq\selenium\selenium-http\4.29.0\selenium-http-4.29.0.jar;C:\Users\zevet\.m2\repository\org\seleniumhq\selenium\selenium-ie-driver\4.29.0\selenium-ie-driver-4.29.0.jar;C:\Users\zevet\.m2\repository\org\seleniumhq\selenium\selenium-remote-driver\4.29.0\selenium-remote-driver-4.29.0.jar;C:\Users\zevet\.m2\repository\com\google\guava\guava\33.4.0-jre\guava-33.4.0-jre.jar;C:\Users\zevet\.m2\repository\com\google\guava\failureaccess\1.0.2\failureaccess-1.0.2.jar;C:\Users\zevet\.m2\repository\com\google\guava\listenablefuture\9999.0-empty-to-avoid-conflict-with-guava\listenablefuture-9999.0-empty-to-avoid-conflict-with-guava.jar;C:\Users\zevet\.m2\repository\com\google\code\findbugs\jsr305\3.0.2\jsr305-3.0.2.jar;C:\Users\zevet\.m2\repository\org\checkerframework\checker-qual\3.43.0\checker-qual-3.43.0.jar;C:\Users\zevet\.m2\repository\com\google\errorprone\error_prone_annotations\2.36.0\error_prone_annotations-2.36.0.jar;C:\Users\zevet\.m2\repository\com\google\j2objc\j2objc-annotations\3.0.0\j2objc-annotations-3.0.0.jar;C:\Users\zevet\.m2\repository\io\opentelemetry\semconv\opentelemetry-semconv\1.28.0-alpha\opentelemetry-semconv-1.28.0-alpha.jar;C:\Users\zevet\.m2\repository\io\opentelemetry\opentelemetry-api\1.46.0\opentelemetry-api-1.46.0.jar;C:\Users\zevet\.m2\repository\io\opentelemetry\opentelemetry-context\1.46.0\opentelemetry-context-1.46.0.jar;C:\Users\zevet\.m2\repository\io\opentelemetry\opentelemetry-exporter-logging\1.46.0\opentelemetry-exporter-logging-1.46.0.jar;C:\Users\zevet\.m2\repository\io\opentelemetry\opentelemetry-sdk-common\1.46.0\opentelemetry-sdk-common-1.46.0.jar;C:\Users\zevet\.m2\repository\io\opentelemetry\opentelemetry-sdk-extension-autoconfigure-spi\1.46.0\opentelemetry-sdk-extension-autoconfigure-spi-1.46.0.jar;C:\Users\zevet\.m2\repository\io\opentelemetry\opentelemetry-sdk-extension-autoconfigure\1.46.0\opentelemetry-sdk-extension-autoconfigure-1.46.0.jar;C:\Users\zevet\.m2\repository\io\opentelemetry\opentelemetry-api-incubator\1.46.0-alpha\opentelemetry-api-incubator-1.46.0-alpha.jar;C:\Users\zevet\.m2\repository\io\opentelemetry\opentelemetry-sdk-trace\1.46.0\opentelemetry-sdk-trace-1.46.0.jar;C:\Users\zevet\.m2\repository\io\opentelemetry\opentelemetry-sdk\1.46.0\opentelemetry-sdk-1.46.0.jar;C:\Users\zevet\.m2\repository\io\opentelemetry\opentelemetry-sdk-metrics\1.46.0\opentelemetry-sdk-metrics-1.46.0.jar;C:\Users\zevet\.m2\repository\io\opentelemetry\opentelemetry-sdk-logs\1.46.0\opentelemetry-sdk-logs-1.46.0.jar;C:\Users\zevet\.m2\repository\net\bytebuddy\byte-buddy\1.15.11\byte-buddy-1.15.11.jar;C:\Users\zevet\.m2\repository\org\seleniumhq\selenium\selenium-os\4.29.0\selenium-os-4.29.0.jar;C:\Users\zevet\.m2\repository\org\apache\commons\commons-exec\1.4.0\commons-exec-1.4.0.jar;C:\Users\zevet\.m2\repository\org\seleniumhq\selenium\selenium-safari-driver\4.29.0\selenium-safari-driver-4.29.0.jar;C:\Users\zevet\.m2\repository\org\seleniumhq\selenium\selenium-support\4.29.0\selenium-support-4.29.0.jar;C:\Users\zevet\.m2\repository\org\testng\testng\7.11.0\testng-7.11.0.jar;C:\Users\zevet\.m2\repository\org\slf4j\slf4j-api\2.0.16\slf4j-api-2.0.16.jar;C:\Users\zevet\.m2\repository\org\jcommander\jcommander\1.83\jcommander-1.83.jar;C:\Users\zevet\.m2\repository\org\webjars\jquery\3.7.1\jquery-3.7.1.jar;C:\Users\zevet\.m2\repository\org\apache\maven\plugin-tools\maven-plugin-annotations\4.0.0-beta-1\maven-plugin-annotations-4.0.0-beta-1.jar;C:\Users\zevet\.m2\repository\junit\junit\4.13.2\junit-4.13.2.jar;C:\Users\zevet\.m2\repository\org\hamcrest\hamcrest-core\1.3\hamcrest-core-1.3.jar;C:\Users\zevet\.m2\repository\commons-io\commons-io\2.18.0\commons-io-2.18.0.jar;C:\Users\zevet\.m2\repository\io\cucumber\cucumber-java\7.21.1\cucumber-java-7.21.1.jar;C:\Users\zevet\.m2\repository\io\cucumber\cucumber-core\7.21.1\cucumber-core-7.21.1.jar;C:\Users\zevet\.m2\repository\io\cucumber\cucumber-gherkin\7.21.1\cucumber-gherkin-7.21.1.jar;C:\Users\zevet\.m2\repository\io\cucumber\cucumber-gherkin-messages\7.21.1\cucumber-gherkin-messages-7.21.1.jar;C:\Users\zevet\.m2\repository\io\cucumber\gherkin\31.0.0\gherkin-31.0.0.jar;C:\Users\zevet\.m2\repository\io\cucumber\messages\27.2.0\messages-27.2.0.jar;C:\Users\zevet\.m2\repository\io\cucumber\testng-xml-formatter\0.3.1\testng-xml-formatter-0.3.1.jar;C:\Users\zevet\.m2\repository\io\cucumber\query\13.2.0\query-13.2.0.jar;C:\Users\zevet\.m2\repository\io\cucumber\tag-expressions\6.1.2\tag-expressions-6.1.2.jar;C:\Users\zevet\.m2\repository\io\cucumber\cucumber-expressions\18.0.1\cucumber-expressions-18.0.1.jar;C:\Users\zevet\.m2\repository\io\cucumber\datatable\7.21.1\datatable-7.21.1.jar;C:\Users\zevet\.m2\repository\io\cucumber\cucumber-plugin\7.21.1\cucumber-plugin-7.21.1.jar;C:\Users\zevet\.m2\repository\io\cucumber\docstring\7.21.1\docstring-7.21.1.jar;C:\Users\zevet\.m2\repository\io\cucumber\html-formatter\21.9.0\html-formatter-21.9.0.jar;C:\Users\zevet\.m2\repository\io\cucumber\junit-xml-formatter\0.7.1\junit-xml-formatter-0.7.1.jar;C:\Users\zevet\.m2\repository\io\cucumber\ci-environment\10.0.1\ci-environment-10.0.1.jar;C:\Users\zevet\.m2\repository\org\apiguardian\apiguardian-api\1.1.2\apiguardian-api-1.1.2.jar;C:\Users\zevet\.m2\repository\io\cucumber\cucumber-testng\7.21.1\cucumber-testng-7.21.1.jar;"/>
    <property name="sun.cpu.endian" value="little"/>
    <property name="user.home" value="C:\Users\zevet"/>
    <property name="user.language" value="es"/>
    <property name="java.specification.vendor" value="Oracle Corporation"/>
    <property name="java.version.date" value="2025-01-21"/>
    <property name="java.home" value="C:\Program Files\Java\jdk-23"/>
    <property name="file.separator" value="\"/>
    <property name="basedir" value="C:\Users\zevet\OneDrive\Escritorio\QA-ORANGE_HRM\qaorangehrm"/>
    <property name="java.vm.compressedOopsMode" value="Zero based"/>
    <property name="line.separator" value="&#10;"/>
    <property name="java.vm.specification.vendor" value="Oracle Corporation"/>
    <property name="java.specification.name" value="Java Platform API Specification"/>
    <property name="surefire.real.class.path" value="C:\Users\zevet\AppData\Local\Temp\surefire18183825476508783232\surefirebooter-20250312151129543_3.jar"/>
    <property name="user.script" value=""/>
    <property name="sun.management.compiler" value="HotSpot 64-Bit Tiered Compilers"/>
    <property name="java.runtime.version" value="23.0.2+7-58"/>
    <property name="user.name" value="zevet"/>
    <property name="stdout.encoding" value="Cp1252"/>
    <property name="path.separator" value=";"/>
    <property name="os.version" value="10.0"/>
    <property name="java.runtime.name" value="Java(TM) SE Runtime Environment"/>
    <property name="file.encoding" value="UTF-8"/>
    <property name="java.vm.name" value="Java HotSpot(TM) 64-Bit Server VM"/>
    <property name="localRepository" value="C:\Users\zevet\.m2\repository"/>
    <property name="java.vendor.url.bug" value="https://bugreport.java.com/bugreport/"/>
    <property name="java.io.tmpdir" value="C:\Users\zevet\AppData\Local\Temp\"/>
    <property name="java.version" value="23.0.2"/>
    <property name="cucumber.filter.tags" value="@AddUser"/>
    <property name="user.dir" value="C:\Users\zevet\OneDrive\Escritorio\QA-ORANGE_HRM\qaorangehrm"/>
    <property name="os.arch" value="amd64"/>
    <property name="java.vm.specification.name" value="Java Virtual Machine Specification"/>
    <property name="sun.os.patch.level" value=""/>
    <property name="native.encoding" value="Cp1252"/>
    <property name="java.library.path" value="C:\Program Files\Java\jdk-23\bin;C:\WINDOWS\Sun\Java\bin;C:\WINDOWS\system32;C:\WINDOWS;C:\Users\zevet\bin;C:\Program Files\Git\mingw64\bin;C:\Program Files\Git\usr\local\bin;C:\Program Files\Git\usr\bin;C:\Program Files\Git\usr\bin;C:\Program Files\Git\mingw64\bin;C:\Program Files\Git\usr\bin;C:\Users\zevet\bin;C:\Program Files\Common Files\Oracle\Java\javapath;C:\WINDOWS\system32;C:\WINDOWS;C:\WINDOWS\System32\Wbem;C:\WINDOWS\System32\WindowsPowerShell\v1.0;C:\WINDOWS\System32\OpenSSH;C:\Program Files\dotnet;C:\Program Files\Git\cmd;C:\Program Files\Microsoft SQL Server\150\Tools\Binn;C:\Program Files\Microsoft SQL Server\Client SDK\ODBC\170\Tools\Binn;C:\Program Files (x86)\Microsoft SQL Server\160\Tools\Binn;C:\Program Files\Microsoft SQL Server\160\Tools\Binn;C:\Program Files\Microsoft SQL Server\160\DTS\Binn;C:\Program Files (x86)\Microsoft SQL Server\160\DTS\Binn;C:\Program Files\Java\jdk-23\bin;C:\Program Files\apache-maven-3.9.9\bin;C:\Program Files\chromedriver-win64;C:\Program Files\nodejs;C:\Users\zevet\AppData\Local\Programs\Python\Python313\Scripts;C:\Users\zevet\AppData\Local\Programs\Python\Python313;C:\Users\zevet\AppData\Local\Programs\Python\Launcher;C:\Users\zevet\AppData\Local\Microsoft\WindowsApps;C:\Users\zevet\.dotnet\tools;C:\Users\zevet\AppData\Local\Programs\Microsoft VS Code\bin;C:\Users\zevet\AppData\Roaming\npm;C:\Program Files\Git\usr\bin\vendor_perl;C:\Program Files\Git\usr\bin\core_perl;."/>
    <property name="java.vm.info" value="mixed mode, sharing"/>
    <property name="stderr.encoding" value="Cp1252"/>
    <property name="java.vendor" value="Oracle Corporation"/>
    <property name="java.vm.version" value="23.0.2+7-58"/>
    <property name="sun.io.unicode.encoding" value="UnicodeLittle"/>
    <property name="java.class.version" value="67.0"/>
  </properties>
  <testcase name="runScenario[&quot;Successfully add a new user with ESS role and enabled status&quot;, &quot;Add a new user in the Admin panel&quot;](1)" classname="qa.orangehrm.runner.TestRunner" time="39.239">
    <system-out><![CDATA[
@AddUser @AllTests
Scenario: Successfully add a new user with ESS role and enabled status &amp#27;[90m# src/test/java/qa/orangehrm/features/adduserInAdminLayout.feature:4&amp#27;[0m
[2025-03-12 15:11:30.658][INFO] -->Ejecutando con ventana maximizada
[2025-03-12 15:11:34.398][INFO] -->Levantando: https://opensource-demo.orangehrmlive.com/web/index.php/auth/login
[2025-03-12 15:11:36.715][ OK] -->ScreenShot: reports/screenshots/SCREENSHOT 12-mar-2025 151136_707 .png
[2025-03-12 15:11:41.774][INFO] -->levante la url
[2025-03-12 15:11:41.925][ OK] -->ScreenShot: reports/screenshots/SCREENSHOT 12-mar-2025 151141_921 .png
  &amp#27;[32mGiven &amp#27;[0m&amp#27;[32mThe user is logged in as an Admin and on the Dashboard page&amp#27;[0m    &amp#27;[90m# qa.orangehrm.steps.addUserSteps.the_user_is_logged_in_as_admin()&amp#27;[0m
[2025-03-12 15:11:43.624][INFO] -->Admin item clicked
[2025-03-12 15:11:43.776][ OK] -->ScreenShot: reports/screenshots/SCREENSHOT 12-mar-2025 151143_772 .png
[2025-03-12 15:11:44.787][INFO] -->clickea en admin
[2025-03-12 15:11:44.936][ OK] -->ScreenShot: reports/screenshots/SCREENSHOT 12-mar-2025 151144_932 .png
  &amp#27;[32mWhen &amp#27;[0m&amp#27;[32mThe user clicks on the Admin option in the search panel&amp#27;[0m         &amp#27;[90m# qa.orangehrm.steps.addUserSteps.the_user_clicks_on_the_admin_option_in_the_search_panel()&amp#27;[0m
[2025-03-12 15:11:44.938][INFO] -->Verifico si estoy en la gestion de usuarios
[2025-03-12 15:11:47.139][ OK] -->ScreenShot: reports/screenshots/SCREENSHOT 12-mar-2025 151147_135 .png
  &amp#27;[32mThen &amp#27;[0m&amp#27;[32mThe user should be redirected to the User Management layout&amp#27;[0m     &amp#27;[90m# qa.orangehrm.steps.addUserSteps.verifyRedirectToUserManagement()&amp#27;[0m
[2025-03-12 15:11:47.139][INFO] -->clickea en agregar
[2025-03-12 15:11:47.275][ OK] -->ScreenShot: reports/screenshots/SCREENSHOT 12-mar-2025 151147_272 .png
[2025-03-12 15:11:48.768][INFO] -->Add button clicked
  &amp#27;[32mWhen &amp#27;[0m&amp#27;[32mThe user clicks on the Add button&amp#27;[0m                               &amp#27;[90m# qa.orangehrm.steps.addUserSteps.the_user_clicks_on_the_add_button()&amp#27;[0m
[2025-03-12 15:11:48.770][INFO] -->Verifico si estoy en la vista de agregar usuario
[2025-03-12 15:11:49.797][OK] -->Assertion: Resultado Esperado: Add User Resultado Obtenido: Add User
[2025-03-12 15:11:50.980][ OK] -->ScreenShot: reports/screenshots/SCREENSHOT 12-mar-2025 151150_975 .png
  &amp#27;[32mThen &amp#27;[0m&amp#27;[32mThe user should be redirected to the Add User layout&amp#27;[0m            &amp#27;[90m# qa.orangehrm.steps.addUserSteps.verifyRedirectToAddUser()&amp#27;[0m
[2025-03-12 15:11:54.601][ OK] -->ScreenShot: reports/screenshots/SCREENSHOT 12-mar-2025 151154_597 .png
[2025-03-12 15:11:54.633][INFO] -->Seleccionando rol de usuario: ESS
  &amp#27;[32mWhen &amp#27;[0m&amp#27;[32mThe user selects &amp#27;[0m&amp#27;[32m&amp#27;[1m"ESS"&amp#27;[0m&amp#27;[32m from the User Role dropdown&amp#27;[0m              &amp#27;[90m# qa.orangehrm.steps.addUserSteps.the_user_selects_ess_from_the_user_role_dropdown(java.lang.String)&amp#27;[0m
[2025-03-12 15:11:55.639][INFO] -->Seleccionando nombre de empleado: James Butler
[2025-03-12 15:12:01.967][ OK] -->ScreenShot: reports/screenshots/SCREENSHOT 12-mar-2025 151201_963 .png
  &amp#27;[32mAnd &amp#27;[0m&amp#27;[32mThe user selects &amp#27;[0m&amp#27;[32m&amp#27;[1m"James Butler"&amp#27;[0m&amp#27;[32m from the Employee Name dropdown&amp#27;[0m  &amp#27;[90m# qa.orangehrm.steps.addUserSteps.the_user_selects_john_doe_from_the_employee_name_dropdown(java.lang.String)&amp#27;[0m
[2025-03-12 15:12:01.968][INFO] -->Selecciona User status
[2025-03-12 15:12:06.311][ OK] -->ScreenShot: reports/screenshots/SCREENSHOT 12-mar-2025 151206_307 .png
[2025-03-12 15:12:06.497][ OK] -->ScreenShot: reports/screenshots/SCREENSHOT 12-mar-2025 151206_488 .png
[2025-03-12 15:12:06.498][INFO] -->Cerrando Driver
  &amp#27;[32mAnd &amp#27;[0m&amp#27;[32mThe user selects &amp#27;[0m&amp#27;[32m&amp#27;[1m"Enabled"&amp#27;[0m&amp#27;[32m from the Status dropdown&amp#27;[0m              &amp#27;[90m# qa.orangehrm.steps.addUserSteps.the_user_selects_from_the_status_dropdown(java.lang.String)&amp#27;[0m
]]></system-out>
    <system-err><![CDATA[SLF4J(W): No SLF4J providers were found.
SLF4J(W): Defaulting to no-operation (NOP) logger implementation
SLF4J(W): See https://www.slf4j.org/codes.html#noProviders for further details.
mar 12, 2025 3:11:31 P. M. org.openqa.selenium.devtools.CdpVersionFinder findNearestMatch
WARNING: Unable to find an exact match for CDP version 134, returning the closest version; found: 133; Please update to a Selenium version that supports CDP version 134
]]></system-err>
  </testcase>
</testsuite>